<?xml version="1.0" encoding="UTF-8"?>
<testsuite xmlns:xsi="http://www.w3.org/2001/XMLSchema-instance" xsi:noNamespaceSchemaLocation="https://maven.apache.org/surefire/maven-surefire-plugin/xsd/surefire-test-report-3.0.xsd" version="3.0" name="microservices.notification.service.NotificationServiceTests" time="1.487" tests="1" errors="0" skipped="0" failures="0">
  <properties>
    <property name="java.specification.version" value="22"/>
    <property name="sun.jnu.encoding" value="UTF-8"/>
    <property name="java.class.path" value="/Users/muhammadnaeemlaghari/Downloads/untitled folder/notification-service/target/test-classes:/Users/muhammadnaeemlaghari/Downloads/untitled folder/notification-service/target/classes:/Users/muhammadnaeemlaghari/.m2/repository/org/springframework/boot/spring-boot-starter-amqp/3.2.7/spring-boot-starter-amqp-3.2.7.jar:/Users/muhammadnaeemlaghari/.m2/repository/org/springframework/spring-messaging/6.1.10/spring-messaging-6.1.10.jar:/Users/muhammadnaeemlaghari/.m2/repository/org/springframework/spring-beans/6.1.10/spring-beans-6.1.10.jar:/Users/muhammadnaeemlaghari/.m2/repository/org/springframework/amqp/spring-rabbit/3.1.6/spring-rabbit-3.1.6.jar:/Users/muhammadnaeemlaghari/.m2/repository/org/springframework/amqp/spring-amqp/3.1.6/spring-amqp-3.1.6.jar:/Users/muhammadnaeemlaghari/.m2/repository/org/springframework/retry/spring-retry/2.0.6/spring-retry-2.0.6.jar:/Users/muhammadnaeemlaghari/.m2/repository/com/rabbitmq/amqp-client/5.19.0/amqp-client-5.19.0.jar:/Users/muhammadnaeemlaghari/.m2/repository/org/springframework/spring-context/6.1.10/spring-context-6.1.10.jar:/Users/muhammadnaeemlaghari/.m2/repository/org/springframework/spring-aop/6.1.10/spring-aop-6.1.10.jar:/Users/muhammadnaeemlaghari/.m2/repository/org/springframework/spring-expression/6.1.10/spring-expression-6.1.10.jar:/Users/muhammadnaeemlaghari/.m2/repository/org/springframework/spring-tx/6.1.10/spring-tx-6.1.10.jar:/Users/muhammadnaeemlaghari/.m2/repository/io/micrometer/micrometer-observation/1.12.7/micrometer-observation-1.12.7.jar:/Users/muhammadnaeemlaghari/.m2/repository/io/micrometer/micrometer-commons/1.12.7/micrometer-commons-1.12.7.jar:/Users/muhammadnaeemlaghari/.m2/repository/com/fasterxml/jackson/core/jackson-databind/2.15.4/jackson-databind-2.15.4.jar:/Users/muhammadnaeemlaghari/.m2/repository/com/fasterxml/jackson/core/jackson-annotations/2.15.4/jackson-annotations-2.15.4.jar:/Users/muhammadnaeemlaghari/.m2/repository/com/fasterxml/jackson/core/jackson-core/2.15.4/jackson-core-2.15.4.jar:/Users/muhammadnaeemlaghari/.m2/repository/com/mashape/unirest/unirest-java/1.4.9/unirest-java-1.4.9.jar:/Users/muhammadnaeemlaghari/.m2/repository/org/apache/httpcomponents/httpclient/4.5.2/httpclient-4.5.2.jar:/Users/muhammadnaeemlaghari/.m2/repository/org/apache/httpcomponents/httpcore/4.4.16/httpcore-4.4.16.jar:/Users/muhammadnaeemlaghari/.m2/repository/commons-logging/commons-logging/1.2/commons-logging-1.2.jar:/Users/muhammadnaeemlaghari/.m2/repository/commons-codec/commons-codec/1.16.1/commons-codec-1.16.1.jar:/Users/muhammadnaeemlaghari/.m2/repository/org/apache/httpcomponents/httpasyncclient/4.1.5/httpasyncclient-4.1.5.jar:/Users/muhammadnaeemlaghari/.m2/repository/org/apache/httpcomponents/httpcore-nio/4.4.16/httpcore-nio-4.4.16.jar:/Users/muhammadnaeemlaghari/.m2/repository/org/apache/httpcomponents/httpmime/4.5.2/httpmime-4.5.2.jar:/Users/muhammadnaeemlaghari/.m2/repository/org/json/json/20160212/json-20160212.jar:/Users/muhammadnaeemlaghari/.m2/repository/org/springframework/boot/spring-boot-starter-mail/3.2.7/spring-boot-starter-mail-3.2.7.jar:/Users/muhammadnaeemlaghari/.m2/repository/org/springframework/spring-context-support/6.1.10/spring-context-support-6.1.10.jar:/Users/muhammadnaeemlaghari/.m2/repository/org/eclipse/angus/jakarta.mail/2.0.3/jakarta.mail-2.0.3.jar:/Users/muhammadnaeemlaghari/.m2/repository/jakarta/activation/jakarta.activation-api/2.1.3/jakarta.activation-api-2.1.3.jar:/Users/muhammadnaeemlaghari/.m2/repository/org/eclipse/angus/angus-activation/2.0.2/angus-activation-2.0.2.jar:/Users/muhammadnaeemlaghari/.m2/repository/org/springframework/boot/spring-boot-starter/3.2.7/spring-boot-starter-3.2.7.jar:/Users/muhammadnaeemlaghari/.m2/repository/org/springframework/boot/spring-boot/3.2.7/spring-boot-3.2.7.jar:/Users/muhammadnaeemlaghari/.m2/repository/org/springframework/boot/spring-boot-autoconfigure/3.2.7/spring-boot-autoconfigure-3.2.7.jar:/Users/muhammadnaeemlaghari/.m2/repository/org/springframework/boot/spring-boot-starter-logging/3.2.7/spring-boot-starter-logging-3.2.7.jar:/Users/muhammadnaeemlaghari/.m2/repository/ch/qos/logback/logback-classic/1.4.14/logback-classic-1.4.14.jar:/Users/muhammadnaeemlaghari/.m2/repository/ch/qos/logback/logback-core/1.4.14/logback-core-1.4.14.jar:/Users/muhammadnaeemlaghari/.m2/repository/org/apache/logging/log4j/log4j-to-slf4j/2.21.1/log4j-to-slf4j-2.21.1.jar:/Users/muhammadnaeemlaghari/.m2/repository/org/apache/logging/log4j/log4j-api/2.21.1/log4j-api-2.21.1.jar:/Users/muhammadnaeemlaghari/.m2/repository/org/slf4j/jul-to-slf4j/2.0.13/jul-to-slf4j-2.0.13.jar:/Users/muhammadnaeemlaghari/.m2/repository/jakarta/annotation/jakarta.annotation-api/2.1.1/jakarta.annotation-api-2.1.1.jar:/Users/muhammadnaeemlaghari/.m2/repository/org/springframework/spring-core/6.1.10/spring-core-6.1.10.jar:/Users/muhammadnaeemlaghari/.m2/repository/org/springframework/spring-jcl/6.1.10/spring-jcl-6.1.10.jar:/Users/muhammadnaeemlaghari/.m2/repository/org/yaml/snakeyaml/2.2/snakeyaml-2.2.jar:/Users/muhammadnaeemlaghari/.m2/repository/org/projectlombok/lombok/1.18.32/lombok-1.18.32.jar:/Users/muhammadnaeemlaghari/.m2/repository/org/springframework/boot/spring-boot-starter-test/3.2.7/spring-boot-starter-test-3.2.7.jar:/Users/muhammadnaeemlaghari/.m2/repository/org/springframework/boot/spring-boot-test/3.2.7/spring-boot-test-3.2.7.jar:/Users/muhammadnaeemlaghari/.m2/repository/org/springframework/boot/spring-boot-test-autoconfigure/3.2.7/spring-boot-test-autoconfigure-3.2.7.jar:/Users/muhammadnaeemlaghari/.m2/repository/com/jayway/jsonpath/json-path/2.9.0/json-path-2.9.0.jar:/Users/muhammadnaeemlaghari/.m2/repository/org/slf4j/slf4j-api/2.0.13/slf4j-api-2.0.13.jar:/Users/muhammadnaeemlaghari/.m2/repository/jakarta/xml/bind/jakarta.xml.bind-api/4.0.2/jakarta.xml.bind-api-4.0.2.jar:/Users/muhammadnaeemlaghari/.m2/repository/net/minidev/json-smart/2.5.1/json-smart-2.5.1.jar:/Users/muhammadnaeemlaghari/.m2/repository/net/minidev/accessors-smart/2.5.1/accessors-smart-2.5.1.jar:/Users/muhammadnaeemlaghari/.m2/repository/org/ow2/asm/asm/9.6/asm-9.6.jar:/Users/muhammadnaeemlaghari/.m2/repository/org/assertj/assertj-core/3.24.2/assertj-core-3.24.2.jar:/Users/muhammadnaeemlaghari/.m2/repository/org/awaitility/awaitility/4.2.1/awaitility-4.2.1.jar:/Users/muhammadnaeemlaghari/.m2/repository/org/hamcrest/hamcrest/2.2/hamcrest-2.2.jar:/Users/muhammadnaeemlaghari/.m2/repository/org/junit/jupiter/junit-jupiter/5.10.2/junit-jupiter-5.10.2.jar:/Users/muhammadnaeemlaghari/.m2/repository/org/junit/jupiter/junit-jupiter-api/5.10.2/junit-jupiter-api-5.10.2.jar:/Users/muhammadnaeemlaghari/.m2/repository/org/opentest4j/opentest4j/1.3.0/opentest4j-1.3.0.jar:/Users/muhammadnaeemlaghari/.m2/repository/org/junit/platform/junit-platform-commons/1.10.2/junit-platform-commons-1.10.2.jar:/Users/muhammadnaeemlaghari/.m2/repository/org/apiguardian/apiguardian-api/1.1.2/apiguardian-api-1.1.2.jar:/Users/muhammadnaeemlaghari/.m2/repository/org/junit/jupiter/junit-jupiter-params/5.10.2/junit-jupiter-params-5.10.2.jar:/Users/muhammadnaeemlaghari/.m2/repository/org/junit/jupiter/junit-jupiter-engine/5.10.2/junit-jupiter-engine-5.10.2.jar:/Users/muhammadnaeemlaghari/.m2/repository/org/junit/platform/junit-platform-engine/1.10.2/junit-platform-engine-1.10.2.jar:/Users/muhammadnaeemlaghari/.m2/repository/org/mockito/mockito-junit-jupiter/5.7.0/mockito-junit-jupiter-5.7.0.jar:/Users/muhammadnaeemlaghari/.m2/repository/org/skyscreamer/jsonassert/1.5.1/jsonassert-1.5.1.jar:/Users/muhammadnaeemlaghari/.m2/repository/com/vaadin/external/google/android-json/0.0.20131108.vaadin1/android-json-0.0.20131108.vaadin1.jar:/Users/muhammadnaeemlaghari/.m2/repository/org/springframework/spring-test/6.1.10/spring-test-6.1.10.jar:/Users/muhammadnaeemlaghari/.m2/repository/org/xmlunit/xmlunit-core/2.9.1/xmlunit-core-2.9.1.jar:/Users/muhammadnaeemlaghari/.m2/repository/org/mockito/mockito-core/5.7.0/mockito-core-5.7.0.jar:/Users/muhammadnaeemlaghari/.m2/repository/net/bytebuddy/byte-buddy/1.14.17/byte-buddy-1.14.17.jar:/Users/muhammadnaeemlaghari/.m2/repository/net/bytebuddy/byte-buddy-agent/1.14.17/byte-buddy-agent-1.14.17.jar:/Users/muhammadnaeemlaghari/.m2/repository/org/objenesis/objenesis/3.3/objenesis-3.3.jar:/Users/muhammadnaeemlaghari/.m2/repository/org/springframework/amqp/spring-rabbit-test/3.1.6/spring-rabbit-test-3.1.6.jar:/Users/muhammadnaeemlaghari/.m2/repository/org/springframework/amqp/spring-rabbit-junit/3.1.6/spring-rabbit-junit-3.1.6.jar:/Users/muhammadnaeemlaghari/.m2/repository/org/springframework/spring-web/6.1.10/spring-web-6.1.10.jar:/Users/muhammadnaeemlaghari/.m2/repository/org/hamcrest/hamcrest-library/2.2/hamcrest-library-2.2.jar:/Users/muhammadnaeemlaghari/.m2/repository/org/hamcrest/hamcrest-core/2.2/hamcrest-core-2.2.jar:"/>
    <property name="java.vm.vendor" value="Homebrew"/>
    <property name="sun.arch.data.model" value="64"/>
    <property name="java.vendor.url" value="https://github.com/Homebrew/homebrew-core/issues"/>
    <property name="user.timezone" value="Europe/Berlin"/>
    <property name="os.name" value="Mac OS X"/>
    <property name="java.vm.specification.version" value="22"/>
    <property name="sun.java.launcher" value="SUN_STANDARD"/>
    <property name="user.country" value="DE"/>
    <property name="sun.boot.library.path" value="/opt/homebrew/Cellar/openjdk/22.0.1/libexec/openjdk.jdk/Contents/Home/lib"/>
    <property name="sun.java.command" value="/Users/muhammadnaeemlaghari/Downloads/untitled folder/notification-service/target/surefire/surefirebooter-20240718174956960_3.jar /Users/muhammadnaeemlaghari/Downloads/untitled folder/notification-service/target/surefire 2024-07-18T17-49-56_830-jvmRun1 surefire-20240718174956960_1tmp surefire_0-20240718174956960_2tmp"/>
    <property name="jdk.debug" value="release"/>
    <property name="surefire.test.class.path" value="/Users/muhammadnaeemlaghari/Downloads/untitled folder/notification-service/target/test-classes:/Users/muhammadnaeemlaghari/Downloads/untitled folder/notification-service/target/classes:/Users/muhammadnaeemlaghari/.m2/repository/org/springframework/boot/spring-boot-starter-amqp/3.2.7/spring-boot-starter-amqp-3.2.7.jar:/Users/muhammadnaeemlaghari/.m2/repository/org/springframework/spring-messaging/6.1.10/spring-messaging-6.1.10.jar:/Users/muhammadnaeemlaghari/.m2/repository/org/springframework/spring-beans/6.1.10/spring-beans-6.1.10.jar:/Users/muhammadnaeemlaghari/.m2/repository/org/springframework/amqp/spring-rabbit/3.1.6/spring-rabbit-3.1.6.jar:/Users/muhammadnaeemlaghari/.m2/repository/org/springframework/amqp/spring-amqp/3.1.6/spring-amqp-3.1.6.jar:/Users/muhammadnaeemlaghari/.m2/repository/org/springframework/retry/spring-retry/2.0.6/spring-retry-2.0.6.jar:/Users/muhammadnaeemlaghari/.m2/repository/com/rabbitmq/amqp-client/5.19.0/amqp-client-5.19.0.jar:/Users/muhammadnaeemlaghari/.m2/repository/org/springframework/spring-context/6.1.10/spring-context-6.1.10.jar:/Users/muhammadnaeemlaghari/.m2/repository/org/springframework/spring-aop/6.1.10/spring-aop-6.1.10.jar:/Users/muhammadnaeemlaghari/.m2/repository/org/springframework/spring-expression/6.1.10/spring-expression-6.1.10.jar:/Users/muhammadnaeemlaghari/.m2/repository/org/springframework/spring-tx/6.1.10/spring-tx-6.1.10.jar:/Users/muhammadnaeemlaghari/.m2/repository/io/micrometer/micrometer-observation/1.12.7/micrometer-observation-1.12.7.jar:/Users/muhammadnaeemlaghari/.m2/repository/io/micrometer/micrometer-commons/1.12.7/micrometer-commons-1.12.7.jar:/Users/muhammadnaeemlaghari/.m2/repository/com/fasterxml/jackson/core/jackson-databind/2.15.4/jackson-databind-2.15.4.jar:/Users/muhammadnaeemlaghari/.m2/repository/com/fasterxml/jackson/core/jackson-annotations/2.15.4/jackson-annotations-2.15.4.jar:/Users/muhammadnaeemlaghari/.m2/repository/com/fasterxml/jackson/core/jackson-core/2.15.4/jackson-core-2.15.4.jar:/Users/muhammadnaeemlaghari/.m2/repository/com/mashape/unirest/unirest-java/1.4.9/unirest-java-1.4.9.jar:/Users/muhammadnaeemlaghari/.m2/repository/org/apache/httpcomponents/httpclient/4.5.2/httpclient-4.5.2.jar:/Users/muhammadnaeemlaghari/.m2/repository/org/apache/httpcomponents/httpcore/4.4.16/httpcore-4.4.16.jar:/Users/muhammadnaeemlaghari/.m2/repository/commons-logging/commons-logging/1.2/commons-logging-1.2.jar:/Users/muhammadnaeemlaghari/.m2/repository/commons-codec/commons-codec/1.16.1/commons-codec-1.16.1.jar:/Users/muhammadnaeemlaghari/.m2/repository/org/apache/httpcomponents/httpasyncclient/4.1.5/httpasyncclient-4.1.5.jar:/Users/muhammadnaeemlaghari/.m2/repository/org/apache/httpcomponents/httpcore-nio/4.4.16/httpcore-nio-4.4.16.jar:/Users/muhammadnaeemlaghari/.m2/repository/org/apache/httpcomponents/httpmime/4.5.2/httpmime-4.5.2.jar:/Users/muhammadnaeemlaghari/.m2/repository/org/json/json/20160212/json-20160212.jar:/Users/muhammadnaeemlaghari/.m2/repository/org/springframework/boot/spring-boot-starter-mail/3.2.7/spring-boot-starter-mail-3.2.7.jar:/Users/muhammadnaeemlaghari/.m2/repository/org/springframework/spring-context-support/6.1.10/spring-context-support-6.1.10.jar:/Users/muhammadnaeemlaghari/.m2/repository/org/eclipse/angus/jakarta.mail/2.0.3/jakarta.mail-2.0.3.jar:/Users/muhammadnaeemlaghari/.m2/repository/jakarta/activation/jakarta.activation-api/2.1.3/jakarta.activation-api-2.1.3.jar:/Users/muhammadnaeemlaghari/.m2/repository/org/eclipse/angus/angus-activation/2.0.2/angus-activation-2.0.2.jar:/Users/muhammadnaeemlaghari/.m2/repository/org/springframework/boot/spring-boot-starter/3.2.7/spring-boot-starter-3.2.7.jar:/Users/muhammadnaeemlaghari/.m2/repository/org/springframework/boot/spring-boot/3.2.7/spring-boot-3.2.7.jar:/Users/muhammadnaeemlaghari/.m2/repository/org/springframework/boot/spring-boot-autoconfigure/3.2.7/spring-boot-autoconfigure-3.2.7.jar:/Users/muhammadnaeemlaghari/.m2/repository/org/springframework/boot/spring-boot-starter-logging/3.2.7/spring-boot-starter-logging-3.2.7.jar:/Users/muhammadnaeemlaghari/.m2/repository/ch/qos/logback/logback-classic/1.4.14/logback-classic-1.4.14.jar:/Users/muhammadnaeemlaghari/.m2/repository/ch/qos/logback/logback-core/1.4.14/logback-core-1.4.14.jar:/Users/muhammadnaeemlaghari/.m2/repository/org/apache/logging/log4j/log4j-to-slf4j/2.21.1/log4j-to-slf4j-2.21.1.jar:/Users/muhammadnaeemlaghari/.m2/repository/org/apache/logging/log4j/log4j-api/2.21.1/log4j-api-2.21.1.jar:/Users/muhammadnaeemlaghari/.m2/repository/org/slf4j/jul-to-slf4j/2.0.13/jul-to-slf4j-2.0.13.jar:/Users/muhammadnaeemlaghari/.m2/repository/jakarta/annotation/jakarta.annotation-api/2.1.1/jakarta.annotation-api-2.1.1.jar:/Users/muhammadnaeemlaghari/.m2/repository/org/springframework/spring-core/6.1.10/spring-core-6.1.10.jar:/Users/muhammadnaeemlaghari/.m2/repository/org/springframework/spring-jcl/6.1.10/spring-jcl-6.1.10.jar:/Users/muhammadnaeemlaghari/.m2/repository/org/yaml/snakeyaml/2.2/snakeyaml-2.2.jar:/Users/muhammadnaeemlaghari/.m2/repository/org/projectlombok/lombok/1.18.32/lombok-1.18.32.jar:/Users/muhammadnaeemlaghari/.m2/repository/org/springframework/boot/spring-boot-starter-test/3.2.7/spring-boot-starter-test-3.2.7.jar:/Users/muhammadnaeemlaghari/.m2/repository/org/springframework/boot/spring-boot-test/3.2.7/spring-boot-test-3.2.7.jar:/Users/muhammadnaeemlaghari/.m2/repository/org/springframework/boot/spring-boot-test-autoconfigure/3.2.7/spring-boot-test-autoconfigure-3.2.7.jar:/Users/muhammadnaeemlaghari/.m2/repository/com/jayway/jsonpath/json-path/2.9.0/json-path-2.9.0.jar:/Users/muhammadnaeemlaghari/.m2/repository/org/slf4j/slf4j-api/2.0.13/slf4j-api-2.0.13.jar:/Users/muhammadnaeemlaghari/.m2/repository/jakarta/xml/bind/jakarta.xml.bind-api/4.0.2/jakarta.xml.bind-api-4.0.2.jar:/Users/muhammadnaeemlaghari/.m2/repository/net/minidev/json-smart/2.5.1/json-smart-2.5.1.jar:/Users/muhammadnaeemlaghari/.m2/repository/net/minidev/accessors-smart/2.5.1/accessors-smart-2.5.1.jar:/Users/muhammadnaeemlaghari/.m2/repository/org/ow2/asm/asm/9.6/asm-9.6.jar:/Users/muhammadnaeemlaghari/.m2/repository/org/assertj/assertj-core/3.24.2/assertj-core-3.24.2.jar:/Users/muhammadnaeemlaghari/.m2/repository/org/awaitility/awaitility/4.2.1/awaitility-4.2.1.jar:/Users/muhammadnaeemlaghari/.m2/repository/org/hamcrest/hamcrest/2.2/hamcrest-2.2.jar:/Users/muhammadnaeemlaghari/.m2/repository/org/junit/jupiter/junit-jupiter/5.10.2/junit-jupiter-5.10.2.jar:/Users/muhammadnaeemlaghari/.m2/repository/org/junit/jupiter/junit-jupiter-api/5.10.2/junit-jupiter-api-5.10.2.jar:/Users/muhammadnaeemlaghari/.m2/repository/org/opentest4j/opentest4j/1.3.0/opentest4j-1.3.0.jar:/Users/muhammadnaeemlaghari/.m2/repository/org/junit/platform/junit-platform-commons/1.10.2/junit-platform-commons-1.10.2.jar:/Users/muhammadnaeemlaghari/.m2/repository/org/apiguardian/apiguardian-api/1.1.2/apiguardian-api-1.1.2.jar:/Users/muhammadnaeemlaghari/.m2/repository/org/junit/jupiter/junit-jupiter-params/5.10.2/junit-jupiter-params-5.10.2.jar:/Users/muhammadnaeemlaghari/.m2/repository/org/junit/jupiter/junit-jupiter-engine/5.10.2/junit-jupiter-engine-5.10.2.jar:/Users/muhammadnaeemlaghari/.m2/repository/org/junit/platform/junit-platform-engine/1.10.2/junit-platform-engine-1.10.2.jar:/Users/muhammadnaeemlaghari/.m2/repository/org/mockito/mockito-junit-jupiter/5.7.0/mockito-junit-jupiter-5.7.0.jar:/Users/muhammadnaeemlaghari/.m2/repository/org/skyscreamer/jsonassert/1.5.1/jsonassert-1.5.1.jar:/Users/muhammadnaeemlaghari/.m2/repository/com/vaadin/external/google/android-json/0.0.20131108.vaadin1/android-json-0.0.20131108.vaadin1.jar:/Users/muhammadnaeemlaghari/.m2/repository/org/springframework/spring-test/6.1.10/spring-test-6.1.10.jar:/Users/muhammadnaeemlaghari/.m2/repository/org/xmlunit/xmlunit-core/2.9.1/xmlunit-core-2.9.1.jar:/Users/muhammadnaeemlaghari/.m2/repository/org/mockito/mockito-core/5.7.0/mockito-core-5.7.0.jar:/Users/muhammadnaeemlaghari/.m2/repository/net/bytebuddy/byte-buddy/1.14.17/byte-buddy-1.14.17.jar:/Users/muhammadnaeemlaghari/.m2/repository/net/bytebuddy/byte-buddy-agent/1.14.17/byte-buddy-agent-1.14.17.jar:/Users/muhammadnaeemlaghari/.m2/repository/org/objenesis/objenesis/3.3/objenesis-3.3.jar:/Users/muhammadnaeemlaghari/.m2/repository/org/springframework/amqp/spring-rabbit-test/3.1.6/spring-rabbit-test-3.1.6.jar:/Users/muhammadnaeemlaghari/.m2/repository/org/springframework/amqp/spring-rabbit-junit/3.1.6/spring-rabbit-junit-3.1.6.jar:/Users/muhammadnaeemlaghari/.m2/repository/org/springframework/spring-web/6.1.10/spring-web-6.1.10.jar:/Users/muhammadnaeemlaghari/.m2/repository/org/hamcrest/hamcrest-library/2.2/hamcrest-library-2.2.jar:/Users/muhammadnaeemlaghari/.m2/repository/org/hamcrest/hamcrest-core/2.2/hamcrest-core-2.2.jar:"/>
    <property name="sun.cpu.endian" value="little"/>
    <property name="user.home" value="/Users/muhammadnaeemlaghari"/>
    <property name="user.language" value="en"/>
    <property name="java.specification.vendor" value="Oracle Corporation"/>
    <property name="java.version.date" value="2024-04-16"/>
    <property name="java.home" value="/opt/homebrew/Cellar/openjdk/22.0.1/libexec/openjdk.jdk/Contents/Home"/>
    <property name="file.separator" value="/"/>
    <property name="basedir" value="/Users/muhammadnaeemlaghari/Downloads/untitled folder/notification-service"/>
    <property name="java.vm.compressedOopsMode" value="Zero based"/>
    <property name="line.separator" value="&#10;"/>
    <property name="java.vm.specification.vendor" value="Oracle Corporation"/>
    <property name="java.specification.name" value="Java Platform API Specification"/>
    <property name="apple.awt.application.name" value="ForkedBooter"/>
    <property name="surefire.real.class.path" value="/Users/muhammadnaeemlaghari/Downloads/untitled folder/notification-service/target/surefire/surefirebooter-20240718174956960_3.jar"/>
    <property name="sun.management.compiler" value="HotSpot 64-Bit Tiered Compilers"/>
    <property name="java.runtime.version" value="22.0.1"/>
    <property name="user.name" value="muhammadnaeemlaghari"/>
    <property name="stdout.encoding" value="US-ASCII"/>
    <property name="path.separator" value=":"/>
    <property name="os.version" value="14.5"/>
    <property name="java.runtime.name" value="OpenJDK Runtime Environment"/>
    <property name="file.encoding" value="UTF-8"/>
    <property name="java.vm.name" value="OpenJDK 64-Bit Server VM"/>
    <property name="java.vendor.version" value="Homebrew"/>
    <property name="localRepository" value="/Users/muhammadnaeemlaghari/.m2/repository"/>
    <property name="java.vendor.url.bug" value="https://github.com/Homebrew/homebrew-core/issues"/>
    <property name="java.io.tmpdir" value="/var/folders/8r/fwsjfwy97ng5p_jk9frkv15w0000gn/T/"/>
    <property name="java.version" value="22.0.1"/>
    <property name="user.dir" value="/Users/muhammadnaeemlaghari/Downloads/untitled folder/notification-service"/>
    <property name="os.arch" value="aarch64"/>
    <property name="java.vm.specification.name" value="Java Virtual Machine Specification"/>
    <property name="native.encoding" value="US-ASCII"/>
    <property name="java.library.path" value="/Users/muhammadnaeemlaghari/Library/Java/Extensions:/Library/Java/Extensions:/Network/Library/Java/Extensions:/System/Library/Java/Extensions:/usr/lib/java:."/>
    <property name="java.vm.info" value="mixed mode, sharing"/>
    <property name="stderr.encoding" value="US-ASCII"/>
    <property name="java.vendor" value="Homebrew"/>
    <property name="java.vm.version" value="22.0.1"/>
    <property name="sun.io.unicode.encoding" value="UnicodeBig"/>
    <property name="java.class.version" value="66.0"/>
  </properties>
  <testcase name="testInvalidEmail" classname="microservices.notification.service.NotificationServiceTests" time="1.429">
    <system-out><![CDATA[Standard Commons Logging discovery in action with spring-jcl: please remove commons-logging.jar from classpath in order to avoid potential conflicts
17:49:59.267 [main] INFO com.microservices.notification.service.NotificationService -- Received message for order confirmation: invalid-email;Test User;12345
17:49:59.273 [main] ERROR com.microservices.notification.service.NotificationService -- Invalid email address in message: invalid-email;Test User;12345
]]></system-out>
    <system-err><![CDATA[WARNING: A Java agent has been loaded dynamically (/Users/muhammadnaeemlaghari/.m2/repository/net/bytebuddy/byte-buddy-agent/1.14.17/byte-buddy-agent-1.14.17.jar)
WARNING: If a serviceability tool is in use, please run with -XX:+EnableDynamicAgentLoading to hide this warning
WARNING: If a serviceability tool is not in use, please run with -Djdk.instrument.traceUsage for more information
WARNING: Dynamic loading of agents will be disallowed by default in a future release
]]></system-err>
  </testcase>
</testsuite>